Ninetales:
	Type: Fire
	Stats: 73 76 75 81 100 100
	Nature: Modest
	Ability: Flash Fire/Drought
	Item: Shell Bell
	Moves:
		Flamethrower -- Heart Scale or TM
		Energy Ball -- TM
		Dark Pulse -- TM
		Psyshock -- TM

Lanturn:
	Type: Water/Electric
	Stats: 125 58 58 76 76 67
	Nature: Modest
	Ability: Volt Absorb
	Item: Expert Belt
	Moves:
		Surf -- TM
		Thunderbolt -- TM
		Dazzling Gleam -- TM
		Signal Beam -- Level 29 or Move Tutor

Breloom:
	Type: Grass/Fighting
	Stats: 60 130 80 60 60 70
	Nature: Jolly
	Ability: Poison Heal
	Item: Toxic Orb
	Moves:
		Seed Bomb -- Level 44 or Move Tutor or Egg Move
		Drain Punch -- Move Tutor or Egg Move
		Thunder Punch -- Move Tutor
		Stone Edge -- TM

Togekiss:
	Type: Fairy/Flying
	Stats: 85 50 95 120 115 80
	Nature: Timid
	Ability: Serene Grace
	Item: King's Rock
	Moves:
		Dazzling Gleam -- TM
		Air Slash -- Heart Scale
		Aura Sphere -- Heart Scale
		Flamethrower -- TM

Leavanny:
	Type: Bug/Grass
	Stats: 75 103 80 70 80 92
	Nature: Adamant, Impish, Careful, Jolly
	Ability: Swarm/Chlorophyll
	Item: Scope Lens
	Moves:
		X-Scissor -- Level 39 or TM
		Leaf Blade -- Level 36
		Shadow Claw -- TM
		Poison Jab -- TM

Aurorus:
	Type: Rock/Ice
	Stats: 123 77 72 99 92 58
	Nature: Bold, Modest, Calm, Timid
	Ability: Refrigerate/Snow Warning
	Item: Quick Claw
	Moves:
		Ice Beam -- Level 56 or TM
		Earth Power -- Move Tutor
		Flash Cannon -- TM
		Thunderbolt -- TM


