Overgrow
Powers up Grass-type moves when the Pokémon's HP is low.
Chlorophyll
Boosts the Pokémon's Speed stat in sunshine.
Blaze
Powers up Fire-type moves when the Pokémon's HP is low.
Solar Power
Boosts the Sp. Atk stat in sunny weather, but HP decreases every turn.
Torrent
Powers up Water-type moves when the Pokémon's HP is low.
Rain Dish
The Pokémon gradually regains HP in rain.
Shield Dust
This Pokémon's dust blocks the additional effects of attacks taken.
Shed Skin
The Pokémon may heal its own status conditions by shedding its skin.
Compoundeyes
The Pokémon's compound eyes boost its accuracy.
Tinted Lens
The Pokémon can use ânot very effectiveâ moves to deal regular damage.
Swarm
Powers up Bug-type moves when the Pokémon's HP is low.
Sniper
Powers up moves if they become critical hits when attacking.
Keen Eye
Keen eyes prevent other Pokémon from lowering this Pokémon's accuracy.
Tangled Feet
Raises evasion if the Pokémon is confused.
Guts
It's so gutsy that having a status condition boosts the Pokémon's Attack stat.
Intimidate
The Pokémon intimidates opposing Pokémon upon entering battle, lowering their Attack stat.
Static
The Pokémon is charged with static electricity, so contact with it may cause paralysis.
Lightningrod
The Pokémon draws in all Electric-type moves. Instead of being hit by Electric-type moves, it boosts its Sp. Atk.
Sand Veil
Boosts the Pokémon's evasion in a sandstorm.
Sand Rush
Boosts the Pokémon's Speed stat in a sandstorm.
Slush Rush
Boosts the Pokémon's Speed stat in a hailstorm.
Poison Point
Contact with the Pokémon may poison the attacker.
Rivalry
Becomes competitive and deals more damage to Pokémon of the same gender, but deals less to Pokémon of the opposite gender.
Cute Charm
Contact with the Pokémon may cause infatuation.
Magic Guard
The Pokémon only takes damage from attacks.
Flash Fire
Powers up the Pokémon's Fire-type moves if it's hit by one.
Drought
Turns the sunlight harsh when the Pokémon enters a battle.
Frisk
When it enters a battle, the Pokémon can check an opposing Pokémon's held item.
Inner Focus
The Pokémon's intensely focused, and that protects the Pokémon from flinching.
Infiltrator
Passes through the opposing Pokémon's barrier, substitute, and the like and strikes.
Stench
By releasing stench when attacking, this Pokémon may cause the target to flinch.
Effect Spore
Contact with the Pokémon may inflict poison, sleep, or paralysis on its attacker.
Dry Skin
Restores HP in rain or when hit by Water-type moves. Reduces HP in sunshine, and increases the damage received from Fire-type moves.
Arena Trap
Prevents opposing Pokémon from fleeing.
Technician
Powers up the Pokémon's weaker moves.
Limber
Its limber body protects the Pokémon from paralysis.
Damp
Prevents the use of explosive moves such as Self-Destruct by dampening its surroundings.
Cloud Nine
Eliminates the effects of weather.
Vital Spirit
The Pokémon is full of vitality, and that prevents it from falling asleep.
Insomnia
The Pokémon is suffering from insomnia and cannot fall asleep.
Anger Point
The Pokémon is angered when it takes a critical hit, and that maxes its Attack stat.
Synchronize
The attacker will receive the same status condition if it inflicts a burn, poison, or paralysis to the Pokémon.
No Guard
The Pokémon employs no-guard tactics to ensure incoming and outgoing attacks always land.
Own Tempo
This Pokémon has its own tempo, and that prevents it from becoming confused.
Clear Body
Prevents other Pokémon's moves or Abilities from lowering the Pokémon's stats.
Full Metal Body
Prevents other Pokémon's moves or Abilities from lowering the Pokémon's stats.
Liquid Ooze
Oozed liquid has strong stench, which damages attackers using any draining move.
Rock Head
Protects the Pokémon from recoil damage.
Sturdy
It cannot be knocked out with one hit. One-hit KO moves cannot knock it out, either.
Oblivious
The Pokémon is oblivious, and that keeps it from being infatuated or falling for taunts.
Magnet Pull
Prevents Steel-type Pokémon from escaping using its magnetic force.
Unaware
When attacking, the Pokémon ignores the target Pokémon's stat changes.
Simple
The stat changes the Pokémon receives are doubled.
Early Bird
The Pokémon awakens twice as fast as other Pokémon from sleep.
Thick Fat
The Pokémon is protected by a layer of thick fat, which halves the damage taken from Fire- and Ice-type moves.
Hydration
Heals status conditions if it's raining.
Shell Armor
A hard shell protects the Pokémon from critical hits.
Battle Armor
Hard armor protects the Pokémon from critical hits.
Skill Link
Maximizes the number of times multi-strike moves hit.
Levitate
By floating in the air, the Pokémon receives full immunity to all Ground-type moves.
Forewarn
When it enters a battle, the Pokémon can tell one of the moves an opposing Pokémon has.
Hyper Cutter
The Pokémon's proud of its powerful pincers. They prevent other Pokémon from lowering its Attack stat.
Soundproof
Soundproofing of the Pokémon itself gives full immunity to all sound-based moves.
Reckless
Powers up moves that have recoil damage.
Iron Fist
Powers up punching moves.
Natural Cure
All status conditions heal when the Pokémon switches out.
Serene Grace
Boosts the likelihood of additional effects occurring when attacking.
Leaf Guard
Prevents status conditions in sunny weather.
Scrappy
The Pokémon can hit Ghost-type Pokémon with Normal- and Fighting-type moves.
Swift Swim
Boosts the Pokémon's Speed stat in rain.
Water Veil
The Pokémon is covered with a water veil, which prevents the Pokémon from getting a burn.
Filter
Reduces the power of supereffective attacks taken.
Prism Armor
Reduces the power of supereffective attacks taken.
Flame Body
Contact with the Pokémon may burn the attacker.
Rattled
Dark-, Ghost-, and Bug-type moves scare the Pokémon and boost its Speed stat.
Moxie
The Pokémon shows moxie, and that boosts the Attack stat after knocking out any Pokémon.
Beast Boost
The Pokémon boosts its most proficient stat each time it knocks out a Pokémon.
Soul-Heart
Boosts its Sp. Atk stat every time a Pokémon faints.
Imposter
The Pokémon transforms itself into the Pokémon it's facing.
Adaptability
Powers up moves of the same type as the Pokémon.
Water Absorb
Restores HP if hit by a Water-type move, instead of taking damage.
Volt Absorb
Restores HP if hit by an Electric-type move, instead of taking damage.
Quick Feet
Boosts the Speed stat if the Pokémon has a status condition.
Trace
When it enters a battle, the Pokémon copies an opposing Pokémon's Ability.
Download
Compares an opposing Pokémon's Defense and Sp. Def stats before raising its own Attack or Sp. Atk statâwhichever will be more effective.
Pressure
By putting pressure on the opposing Pokémon, it raises their PP usage.
Immunity
The immune system of the Pokémon prevents it from getting poisoned.
Snow Cloak
Boosts evasion in a hailstorm.
Marvel Scale
The Pokémon's marvelous scales boost the Defense stat if it has a status condition.
Multiscale
Reduces the amount of damage the Pokémon takes when its HP is full.
Shadow Shield
Reduces the amount of damage the Pokémon takes while its HP is full.
Sheer Force
Removes additional effects to increase the power of moves when attacking.
Hustle
Boosts the Attack stat, but lowers accuracy.
Huge Power
Doubles the Pokémon's Attack stat.
Speed Boost
Its Speed stat is boosted every turn.
Magic Bounce
Reflects status moves, instead of getting hit by them.
Super Luck
The Pokémon is so lucky that the critical-hit ratios of its moves are boosted.
Shadow Tag
This Pokémon steps on the opposing Pokémon's shadow to prevent it from escaping.
Overcoat
Protects the Pokémon from things like sand, hail, and powder.
Magma Armor
The Pokémon is covered with hot magma, which prevents the Pokémon from becoming frozen.
Suction Cups
This Pokémon uses suction cups to stay in one spot to negate all moves and items that force switching out.
Steadfast
The Pokémon's determination boosts the Speed stat each time the Pokémon flinches.
Sand Stream
The Pokémon summons a sandstorm when it enters a battle.
Regenerator
Restores a little HP when withdrawn from battle.
Poison Heal
Restores HP if the Pokémon is poisoned, instead of losing HP.
Truant
The Pokémon can't use a move the following turn if it uses one.
Wonder Guard
Its mysterious power only lets supereffective moves hit the Pokémon.
Normalize
All the Pokémon's moves become Normal type. The power of those moves is boosted a little.
Stall
The Pokémon moves after all other Pokémon do.
Pure Power
Using its pure power, the Pokémon doubles its Attack stat.
Rough Skin
This Pokémon inflicts damage with its rough skin to the attacker on contact.
Solid Rock
Reduces the power of supereffective attacks taken.
White Smoke
The Pokémon is protected by its white smoke, which prevents other Pokémon from lowering its stats.
Toxic Boost
Powers up physical attacks when the Pokémon is poisoned.
Anticipation
The Pokémon can sense an opposing Pokémon's dangerous moves.
Storm Drain
Draws in all Water-type moves. Instead of being hit by Water-type moves, it boosts its Sp. Atk.
Color Change
The Pokémon's type becomes the type of the move used on it.
Ice Body
The Pokémon gradually regains HP in a hailstorm.
Light Metal
Halves the Pokémon's weight.
Drizzle
The Pokémon makes it rain when it enters a battle.
Air Lock
Eliminates the effects of weather.
Defiant
Boosts the Pokémon's Attack stat sharply when its stats are lowered.
Competitive
Boosts the Sp. Atk stat sharply when a stat is lowered.
Flower Gift
Boosts the Attack and Sp. Def stats of itself and allies when it is sunny.
Aftermath
Damages the attacker if it contacts the Pokémon with a finishing hit.
Heatproof
The heatproof body of the Pokémon halves the damage from Fire-type moves that hit it.
Sand Force
Boosts the power of Rock-, Ground-, and Steel-type moves in a sandstorm.
Snow Warning
The Pokémon summons a hailstorm when it enters a battle.
Motor Drive
Boosts its Speed stat if hit by an Electric-type move, instead of taking damage.
Justified
Being hit by a Dark-type move boosts the Attack stat of the Pokémon, for justice.
Cursed Body
May disable a move used on the Pokémon.
Slow Start
For five turns, the Pokémon's Attack and Speed stats are halved.
Bad Dreams
Reduces the HP of sleeping opposing Pokémon.
Victory Star
Boosts the accuracy of its allies and itself.
Contrary
Makes stat changes have an opposite effect.
Big Pecks
Protects the Pokémon from Defense-lowering effects.
Poison Touch
May poison a target when the Pokémon makes contact.
Prankster
Gives priority to a status move.
Wonder Skin
Makes status moves more likely to miss.
Mummy
Contact with the Pokémon changes the attacker's Ability to Mummy.
Defeatist
Halves the Pokémon's Attack and Sp. Atk stats when its HP becomes half or less.
Weak Armor
Physical attacks to the Pokémon lower its Defense stat but sharply raise its Speed stat.
Illusion
Comes out disguised as the Pokémon in the party's last spot.
Analytic
Boosts move power when the Pokémon moves last.
Sap Sipper
Boosts the Attack stat if hit by a Grass-type move, instead of taking damage.
Iron Barbs
Inflicts damage to the attacker on contact with iron barbs.
Mold Breaker
Moves can be used on the target regardless of its Abilities.
Teravolt
Moves can be used on the target regardless of its Abilities.
Turboblaze
Moves can be used on the target regardless of its Abilities.
Run Away
Enables a sure getaway from wild Pokémon.
Sticky Hold
Items held by the Pokémon are stuck fast and cannot be removed by other Pokémon.
Klutz
The Pokémon can't use any held items.
Unburden
Boosts the Speed stat if the Pokémon's held item is used or lost.
Pickpocket
Steals an item from an attacker that made direct contact.
Harvest
May create another Berry after one is used.
Pickup
The Pokémon may pick up the item an opposing Pokémon used during a battle. It may pick up items outside of battle, too.
Unnerve
Unnerves opposing Pokémon and makes them unable to eat Berries.
Honey Gather
The Pokémon may gather Honey after a battle.
Gluttony
Makes the Pokémon eat a held Berry when its HP drops to half or less, which is sooner than usual.
Multitype
Changes the Pokémon's type to match the Plate or Z-Crystal it holds.
RKS System
Changes the Pokémon's type to match the memory disc it holds.
Forecast
The Pokémon transforms with the weather to change its type to Water, Fire, or Ice.
Bulletproof
Protects the Pokémon from some ball and bomb moves.
Aura Break
The effects of âAuraâ Abilities are reversed to lower the power of affected moves.
Fairy Aura
Powers up each Pokémon's Fairy-type moves.
Dark Aura
Powers up each Pokémon's Dark-type moves.
Magician
The Pokémon steals the held item of a Pokémon it hits with a move.
Cheek Pouch
Restores HP as well when the Pokémon eats a Berry.
Strong Jaw
The Pokémon's strong jaw boosts the power of its biting moves.
Mega Launcher
Powers up aura and pulse moves.
Tough Claws
Powers up moves that make direct contact.
Sweet Veil
Prevents itself and ally Pokémon from falling asleep.
Aroma Veil
Protects itself and its allies from attacks that limit their move choices.
Healer
Sometimes heals an ally's status condition.
Pixilate
Normal-type moves become Fairy-type moves. The power of those moves is boosted a little.
Refrigerate
Normal-type moves become Ice-type moves. The power of those moves is boosted a little.
Schooling
When it has a lot of HP, the Pokémon forms a powerful school. It stops schooling when its HP is low.
Shields Down
When its HP becomes half or less, the Pokémon's shell breaks and it becomes aggressive.
Stance Change
The Pokémon changes its form to Blade Forme when it uses an attack move, and changes to Shield Forme when it uses King's Shield.
Fur Coat
Halves the damage from physical moves onto this Pokémon.
Grass Pelt
Boosts the Pokémon's Defense stat in Grassy Terrain.
Surge Surfer
Doubles the Pokémon's Speed stat on Electric Terrain.
Flower Veil
Ally Grass-type Pokémon are protected from status conditions and the lowering of their stats.
Gale Wings
Gives priority to Flying-type moves when the Pokémon's HP is full.
Protean
Changes the Pokémon's type to the type of the move it's about to use.
Stamina
Boosts the Defense stat when hit by an attack.
Water Compaction
Boosts the Pokémon's Defense stat sharply when hit by a Water-type move.
Merciless
The Pokémon's attacks become critical hits if the target is poisoned.
Water Bubble
Lowers the power of Fire-type moves done to the Pokémon and prevents the Pokémon from getting a burn.
Steelworker
Powers up Steel-type moves.
Berserk
Boosts the Pokémon's Sp. Atk stat when it takes a hit that causes its HP to become half or less.
Wimp Out
The Pokémon cowardly switches out when its HP becomes half or less.
Emergency Exit
The Pokémon, sensing danger, switches out when its HP becomes half or less.
Long Reach
The Pokémon uses its moves without making contact with the target.
Liquid Voice
All sound-based moves become Water-type moves.
Triage
Gives priority to a healing move.
Galvanize
Normal-type moves become Electric-type moves. The power of those moves is boosted a little.
Disguise
Once per battle, the shroud that covers the Pokémon can protect it from an attack.
Stakeout
Doubles the damage dealt to the target's replacement if the target switches out.
Corrosion
The Pokémon can poison the target even if it's a Steel or Poison type.
Comatose
It's always drowsing and will never wake up. It can attack without waking up.
Dazzling
Surprises the opposing Pokémon, making it unable to attack using priority moves.
Queenly Majesty
Its majesty pressures the opposing Pokémon, making it unable to attack using priority moves.
Dancer
When another Pokémon uses a dance move, it can use a dance move following it regardless of its Speed.
Innards Out
Damages the attacker landing the finishing hit by the amount equal to its last HP.
Fluffy
Halves the damage taken from moves that make direct contact, but doubles that of Fire-type moves.
Tangling Hair
Contact with the Pokémon lowers the attacker's Speed stat.
Psychic Surge
Turns the ground into Psychic Terrain when the Pokémon enters a battle.
Electric Surge
Turns the ground into Electric Terrain when the Pokémon enters a battle.
Misty Surge
Turns the ground into Misty Terrain when the Pokémon enters a battle.
Grassy Surge
Turns the ground into Grassy Terrain when the Pokémon enters a battle.
